Full range
S:	6978.39±89.6667
B:	574.16±13.6526
--
mKK<1080
S:	3738.8±61.2109
B:	37.1357±3.85785
--
mKK<1200
S:	4102.48±64.8044
B:	77.1316±5.22503
--
mKK<1350
S:	4333.7±67.308
B:	121.873±6.40006
--
mKK<1450
S:	4491.2±68.9327
B:	152.109±7.07789
--
mKK<1550
S:	4789.96±71.4758
B:	180.656±7.72588
--
mKK<1650
S:	5023.39±73.3388
B:	198.698±8.09532
--
mKK<1800
S:	5258.08±75.1944
B:	220.134±8.52309
--
|mKK-mϕ|<15
S:	3358.76±57.6218
B:	14.5409±2.7462
--
mKK>1050
S:	3411.51±67.4352
B:	599.291±14.5354
--
mKK<1800
S:	5248.36±75.147
B:	225.319±8.43875
--
mKK<1800 with peaking backgrounds
S:	5047.04±85.5011
B:	21.4905±3.08623
--
1050<mKK<1800
S:	1672.25±45.8415
B:	213.497±8.39979

